2021-07-02 21:41:51 [INFO] 点击通讯录 (main_page.py:17)
2021-07-02 21:41:52 [INFO] 点击添加按钮 (contact_page.py:25)
2021-07-02 21:41:52 [INFO] 点击添加部门按钮 (contact_page.py:28)
2021-07-02 21:41:54 [INFO] 获取公司名 (create_department_page.py:23)
2021-07-02 21:41:54 [INFO] 输入部门名称 (create_department_page.py:26)
2021-07-02 21:41:54 [INFO] 选择所属部门 (create_department_page.py:29)
2021-07-02 21:41:55 [INFO] 点击确定 (create_department_page.py:37)
2021-07-02 21:41:55 [INFO] 查询框输入部门名称 (contact_page.py:34)
2021-07-02 21:41:57 [INFO] 点击通讯录 (main_page.py:17)
2021-07-02 21:41:57 [INFO] 点击添加按钮 (contact_page.py:25)
2021-07-02 21:41:57 [INFO] 点击添加部门按钮 (contact_page.py:28)
2021-07-02 21:41:59 [INFO] 获取公司名 (create_department_page.py:23)
2021-07-02 21:41:59 [INFO] 输入部门名称 (create_department_page.py:26)
2021-07-02 21:41:59 [INFO] 选择所属部门 (create_department_page.py:29)
2021-07-02 21:42:00 [INFO] 点击确定 (create_department_page.py:37)
2021-07-02 21:42:00 [INFO] 点击添加按钮 (contact_page.py:25)
2021-07-02 21:42:00 [INFO] 点击添加部门按钮 (contact_page.py:28)
2021-07-02 21:42:02 [INFO] 获取公司名 (create_department_page.py:23)
2021-07-02 21:42:02 [INFO] 输入部门名称 (create_department_page.py:26)
2021-07-02 21:42:02 [INFO] 选择所属部门 (create_department_page.py:29)
2021-07-02 21:42:02 [INFO] 点击确定 (create_department_page.py:37)
2021-07-02 21:42:02 [INFO] 获取失败信息 (contact_page.py:41)
